#
# There is insufficient memory for the Java Runtime Environment to continue.
# Native memory allocation (malloc) failed to allocate 1048576 bytes for AllocateHeap
# Possible reasons:
#   The system is out of physical RAM or swap space
#   The process is running with CompressedOops enabled, and the Java Heap may be blocking the growth of the native heap
# Possible solutions:
#   Reduce memory load on the system
#   Increase physical memory or swap space
#   Check if swap backing store is full
#   Decrease Java heap size (-Xmx/-Xms)
#   Decrease number of Java threads
#   Decrease Java thread stack sizes (-Xss)
#   Set larger code cache with -XX:ReservedCodeCacheSize=
#   JVM is running with Unscaled Compressed Oops mode in which the Java heap is
#     placed in the first 4GB address space. The Java Heap base address is the
#     maximum limit for the native heap growth. Please use -XX:HeapBaseMinAddress
#     to set the Java Heap base and to place the Java Heap above 4GB virtual address.
# This output file may be truncated or incomplete.
#
#  Out of Memory Error (./open/src/hotspot/share/memory/allocation.cpp:44), pid=23944, tid=28072
#
# JRE version: Java(TM) SE Runtime Environment (15.0.1+9) (build 15.0.1+9-18)
# Java VM: Java HotSpot(TM) 64-Bit Server VM (15.0.1+9-18, mixed mode, sharing, tiered, compressed oops, g1 gc, windows-amd64)
# No core dump will be written. Minidumps are not enabled by default on client versions of Windows
#

---------------  S U M M A R Y ------------

Command Line: -Dfile.encoding=Cp1252 --module-path=D:\JAVA\src\mysql-connector-java-8.0.22\mysql-connector-java-8.0.22.jar -XX:+ShowCodeDetailsInExceptionMessages hotel.management.UpdateCheck

Host: AMD Ryzen 5 3500U with Radeon Vega Mobile Gfx  , 8 cores, 5G,  Windows 10 , 64 bit Build 18362 (10.0.18362.1350)
Time: Wed Feb 17 19:57:38 2021 India Standard Time elapsed time: 0.486368 seconds (0d 0h 0m 0s)

---------------  T H R E A D  ---------------

Current thread (0x0000015b7c2e6bf0):  VMThread "VM Thread" [stack: 0x000000020cc00000,0x000000020cd00000] [id=28072]

Stack: [0x000000020cc00000,0x000000020cd00000]
[error occurred during error reporting (printing stack bounds), id 0xc0000005, EXCEPTION_ACCESS_VIOLATION (0xc0000005) at pc=0x0000015b000010ad]

Native frames: (J=compiled Java code, j=interpreted, Vv=VM code, C=native code)
V  [jvm.dll+0x62ae9a]
V  [jvm.dll+0x781389]
V  [jvm.dll+0x782ae3]
V  [jvm.dll+0x7830a5]
V  [jvm.dll+0x78305b]
V  [jvm.dll+0x62a2b9]
V  [jvm.dll+0x62aa88]
C  [ntdll.dll+0xa1eef]
C  [ntdll.dll+0x6aad9]
C  [ntdll.dll+0xa0b5e]
C  0x0000015b000010ad

VM_Operation (0x000000020c6fd870): CollectForMetadataAllocation, mode: safepoint, requested by thread 0x0000015b6dae1040


---------------  P R O C E S S  ---------------

Threads class SMR info:
_java_thread_list=0x0000015b7d06ed70, length=14, elements={
0x0000015b6dae1040, 0x0000015b7c2eb020, 0x0000015b7c2ec9a0, 0x0000015b7c307380,
0x0000015b7c309e40, 0x0000015b7c30c6b0, 0x0000015b7c3118d0, 0x0000015b7c314b80,
0x0000015b7c325e30, 0x0000015b7c2ccfb0, 0x0000015b7ce20600, 0x0000015b7cf845b0,
0x0000015b7d038a10, 0x0000015b7cf872a0
}

Java Threads: ( => current thread )
  0x0000015b6dae1040 JavaThread "main" [_thread_blocked, id=29340, stack(0x000000020c600000,0x000000020c700000)]
  0x0000015b7c2eb020 JavaThread "Reference Handler" daemon [_thread_blocked, id=28688, stack(0x000000020cd00000,0x000000020ce00000)]
  0x0000015b7c2ec9a0 JavaThread "Finalizer" daemon [_thread_blocked, id=27544, stack(0x000000020ce00000,0x000000020cf00000)]
  0x0000015b7c307380 JavaThread "Signal Dispatcher" daemon [_thread_blocked, id=26856, stack(0x000000020cf00000,0x000000020d000000)]
  0x0000015b7c309e40 JavaThread "Attach Listener" daemon [_thread_blocked, id=24816, stack(0x000000020d000000,0x000000020d100000)]
  0x0000015b7c30c6b0 JavaThread "Service Thread" daemon [_thread_blocked, id=24020, stack(0x000000020d100000,0x000000020d200000)]
  0x0000015b7c3118d0 JavaThread "C2 CompilerThread0" daemon [_thread_blocked, id=27448, stack(0x000000020d200000,0x000000020d300000)]
  0x0000015b7c314b80 JavaThread "C1 CompilerThread0" daemon [_thread_blocked, id=24536, stack(0x000000020d300000,0x000000020d400000)]
  0x0000015b7c325e30 JavaThread "Sweeper thread" daemon [_thread_blocked, id=29188, stack(0x000000020d400000,0x000000020d500000)]
  0x0000015b7c2ccfb0 JavaThread "Common-Cleaner" daemon [_thread_blocked, id=27604, stack(0x000000020d500000,0x000000020d600000)]
  0x0000015b7ce20600 JavaThread "Notification Thread" daemon [_thread_blocked, id=27700, stack(0x000000020d700000,0x000000020d800000)]
  0x0000015b7cf845b0 JavaThread "Java2D Disposer" daemon [_thread_blocked, id=25816, stack(0x000000020d900000,0x000000020da00000)]
  0x0000015b7d038a10 JavaThread "AWT-Shutdown" [_thread_blocked, id=25516, stack(0x000000020da00000,0x000000020db00000)]
  0x0000015b7cf872a0 JavaThread "AWT-Windows" daemon [_thread_in_native, id=25528, stack(0x000000020db00000,0x000000020dc00000)]

Other Threads:
=>0x0000015b7c2e6bf0 VMThread "VM Thread" [stack: 0x000000020cc00000,0x000000020cd00000] [id=28072]
  0x0000015b7ce212f0 WatcherThread [stack: 0x000000020d800000,0x000000020d900000] [id=27728]
  0x0000015b6db192b0 GCTaskThread "GC Thread#0" [stack: 0x000000020c700000,0x000000020c800000] [id=18744]
  0x0000015b7cfd2ba0 GCTaskThread "GC Thread#1" [stack: 0x000000020d600000,0x000000020d700000] [id=29292]
  0x0000015b7cfd4520 GCTaskThread "GC Thread#2" [stack: 0x000000020e200000,0x000000020e300000] [id=28548]
  0x0000015b7cfd2210 GCTaskThread "GC Thread#3" [stack: 0x000000020e300000,0x000000020e400000] [id=24092]
  0x0000015b6db27bb0 ConcurrentGCThread "G1 Main Marker" [stack: 0x000000020c800000,0x000000020c900000] [id=25836]
  0x0000015b6db28820 ConcurrentGCThread "G1 Conc#0" [stack: 0x000000020c900000,0x000000020ca00000] [id=1712]
  0x0000015b7cfd41f0 ConcurrentGCThread "G1 Conc#1" [stack: 0x000000020e400000,0x000000020e500000] [id=24300]
  0x0000015b6db9ada0 ConcurrentGCThread "G1 Refine#0" [stack: 0x000000020ca00000,0x000000020cb00000] [id=23908]
  0x0000015b6db9ba20 ConcurrentGCThread "G1 Young RemSet Sampling" [stack: 0x000000020cb00000,0x000000020cc00000] [id=26100]

Threads with active compile tasks:
C1 CompilerThread0      503  692       3       java.util.StringTokenizer::scanToken (179 bytes)

VM state: at safepoint (normal execution)

VM Mutex/Monitor currently owned by a thread:  ([mutex/lock_event])
[0x0000015b6dadccc0] Threads_lock - owner thread: 0x0000015b7c2e6bf0
[0x0000015b6dadd020] Heap_lock - owner thread: 0x0000015b6dae1040

Heap address: 0x00000000a0c00000, size: 1524 MB, Compressed Oops mode: 32-bit
CDS archive(s) mapped at: [0x0000000800000000-0x0000000800b50000-0x0000000800b50000), size 11862016, SharedBaseAddress: 0x0000000800000000, ArchiveRelocationMode: 0.
Compressed class space mapped at: 0x0000000800b50000-0x0000000840b50000, size: 1073741824
Narrow klass base: 0x0000000800000000, Narrow klass shift: 3, Narrow klass range: 0x100000000

GC Precious Log:
 CPUs: 8 total, 8 available
 Memory: 6091M
 Large Page Support: Disabled
 NUMA Support: Disabled
 Compressed Oops: Enabled (32-bit)
 Heap Region Size: 1M
 Heap Min Capacity: 8M
 Heap Initial Capacity: 96M
 Heap Max Capacity: 1524M
 Pre-touch: Disabled
 Parallel Workers: 8
 Concurrent Workers: 2
 Concurrent Refinement Workers: 8
 Periodic GC: Disabled

Heap:
 garbage-first heap   total 98304K, used 1685K [0x00000000a0c00000, 0x0000000100000000)
  region size 1024K, 2 young (2048K), 2 survivors (2048K)
 Metaspace       used 5435K, capacity 5547K, committed 5632K, reserved 1064960K
  class space    used 614K, capacity 696K, committed 768K, reserved 1048576K

Heap Regions: E=young(eden), S=young(survivor), O=old, HS=humongous(starts), HC=humongous(continues), CS=collection set, F=free, OA=open archive, CA=closed archive, TAMS=top-at-mark-start (previous, next)
|   0|0x00000000a0c00000, 0x00000000a0c00000, 0x00000000a0d00000|  0%| F|  |TAMS 0x00000000a0c00000, 0x00000000a0c00000| Untracked 
|   1|0x00000000a0d00000, 0x00000000a0d00000, 0x00000000a0e00000|  0%| F|  |TAMS 0x00000000a0d00000, 0x00000000a0d00000| Untracked 
|   2|0x00000000a0e00000, 0x00000000a0e00000, 0x00000000a0f00000|  0%| F|  |TAMS 0x00000000a0e00000, 0x00000000a0e00000| Untracked 
|   3|0x00000000a0f00000, 0x00000000a0f00000, 0x00000000a1000000|  0%| F|  |TAMS 0x00000000a0f00000, 0x00000000a0f00000| Untracked 
|   4|0x00000000a1000000, 0x00000000a1000000, 0x00000000a1100000|  0%| F|  |TAMS 0x00000000a1000000, 0x00000000a1000000| Untracked 
|   5|0x00000000a1100000, 0x00000000a1100000, 0x00000000a1200000|  0%| F|  |TAMS 0x00000000a1100000, 0x00000000a1100000| Untracked 
|   6|0x00000000a1200000, 0x00000000a1200000, 0x00000000a1300000|  0%| F|  |TAMS 0x00000000a1200000, 0x00000000a1200000| Untracked 
|   7|0x00000000a1300000, 0x00000000a1300000, 0x00000000a1400000|  0%| F|  |TAMS 0x00000000a1300000, 0x00000000a1300000| Untracked 
|   8|0x00000000a1400000, 0x00000000a1400000, 0x00000000a1500000|  0%| F|  |TAMS 0x00000000a1400000, 0x00000000a1400000| Untracked 
|   9|0x00000000a1500000, 0x00000000a1500000, 0x00000000a1600000|  0%| F|  |TAMS 0x00000000a1500000, 0x00000000a1500000| Untracked 
|  10|0x00000000a1600000, 0x00000000a1600000, 0x00000000a1700000|  0%| F|  |TAMS 0x00000000a1600000, 0x00000000a1600000| Untracked 
|  11|0x00000000a1700000, 0x00000000a1700000, 0x00000000a1800000|  0%| F|  |TAMS 0x00000000a1700000, 0x00000000a1700000| Untracked 
|  12|0x00000000a1800000, 0x00000000a1800000, 0x00000000a1900000|  0%| F|  |TAMS 0x00000000a1800000, 0x00000000a1800000| Untracked 
|  13|0x00000000a1900000, 0x00000000a1900000, 0x00000000a1a00000|  0%| F|  |TAMS 0x00000000a1900000, 0x00000000a1900000| Untracked 
|  14|0x00000000a1a00000, 0x00000000a1a00000, 0x00000000a1b00000|  0%| F|  |TAMS 0x00000000a1a00000, 0x00000000a1a00000| Untracked 
|  15|0x00000000a1b00000, 0x00000000a1b00000, 0x00000000a1c00000|  0%| F|  |TAMS 0x00000000a1b00000, 0x00000000a1b00000| Untracked 
|  16|0x00000000a1c00000, 0x00000000a1c00000, 0x00000000a1d00000|  0%| F|  |TAMS 0x00000000a1c00000, 0x00000000a1c00000| Untracked 
|  17|0x00000000a1d00000, 0x00000000a1d00000, 0x00000000a1e00000|  0%| F|  |TAMS 0x00000000a1d00000, 0x00000000a1d00000| Untracked 
|  18|0x00000000a1e00000, 0x00000000a1e00000, 0x00000000a1f00000|  0%| F|  |TAMS 0x00000000a1e00000, 0x00000000a1e00000| Untracked 
|  19|0x00000000a1f00000, 0x00000000a1f00000, 0x00000000a2000000|  0%| F|  |TAMS 0x00000000a1f00000, 0x00000000a1f00000| Untracked 
|  20|0x00000000a2000000, 0x00000000a2000000, 0x00000000a2100000|  0%| F|  |TAMS 0x00000000a2000000, 0x00000000a2000000| Untracked 
|  21|0x00000000a2100000, 0x00000000a2100000, 0x00000000a2200000|  0%| F|  |TAMS 0x00000000a2100000, 0x00000000a2100000| Untracked 
|  22|0x00000000a2200000, 0x00000000a2200000, 0x00000000a2300000|  0%| F|  |TAMS 0x00000000a2200000, 0x00000000a2200000| Untracked 
|  23|0x00000000a2300000, 0x00000000a2300000, 0x00000000a2400000|  0%| F|  |TAMS 0x00000000a2300000, 0x00000000a2300000| Untracked 
|  24|0x00000000a2400000, 0x00000000a2400000, 0x00000000a2500000|  0%| F|  |TAMS 0x00000000a2400000, 0x00000000a2400000| Untracked 
|  25|0x00000000a2500000, 0x00000000a2500000, 0x00000000a2600000|  0%| F|  |TAMS 0x00000000a2500000, 0x00000000a2500000| Untracked 
|  26|0x00000000a2600000, 0x00000000a2600000, 0x00000000a2700000|  0%| F|  |TAMS 0x00000000a2600000, 0x00000000a2600000| Untracked 
|  27|0x00000000a2700000, 0x00000000a2700000, 0x00000000a2800000|  0%| F|  |TAMS 0x00000000a2700000, 0x00000000a2700000| Untracked 
|  28|0x00000000a2800000, 0x00000000a2800000, 0x00000000a2900000|  0%| F|  |TAMS 0x00000000a2800000, 0x00000000a2800000| Untracked 
|  29|0x00000000a2900000, 0x00000000a2900000, 0x00000000a2a00000|  0%| F|  |TAMS 0x00000000a2900000, 0x00000000a2900000| Untracked 
|  30|0x00000000a2a00000, 0x00000000a2a00000, 0x00000000a2b00000|  0%| F|  |TAMS 0x00000000a2a00000, 0x00000000a2a00000| Untracked 
|  31|0x00000000a2b00000, 0x00000000a2b00000, 0x00000000a2c00000|  0%| F|  |TAMS 0x00000000a2b00000, 0x00000000a2b00000| Untracked 
|  32|0x00000000a2c00000, 0x00000000a2c00000, 0x00000000a2d00000|  0%| F|  |TAMS 0x00000000a2c00000, 0x00000000a2c00000| Untracked 
|  33|0x00000000a2d00000, 0x00000000a2d00000, 0x00000000a2e00000|  0%| F|  |TAMS 0x00000000a2d00000, 0x00000000a2d00000| Untracked 
|  34|0x00000000a2e00000, 0x00000000a2e00000, 0x00000000a2f00000|  0%| F|  |TAMS 0x00000000a2e00000, 0x00000000a2e00000| Untracked 
|  35|0x00000000a2f00000, 0x00000000a2f00000, 0x00000000a3000000|  0%| F|  |TAMS 0x00000000a2f00000, 0x00000000a2f00000| Untracked 
|  36|0x00000000a3000000, 0x00000000a3000000, 0x00000000a3100000|  0%| F|  |TAMS 0x00000000a3000000, 0x00000000a3000000| Untracked 
|  37|0x00000000a3100000, 0x00000000a3100000, 0x00000000a3200000|  0%| F|  |TAMS 0x00000000a3100000, 0x00000000a3100000| Untracked 
|  38|0x00000000a3200000, 0x00000000a3200000, 0x00000000a3300000|  0%| F|  |TAMS 0x00000000a3200000, 0x00000000a3200000| Untracked 
|  39|0x00000000a3300000, 0x00000000a3300000, 0x00000000a3400000|  0%| F|  |TAMS 0x00000000a3300000, 0x00000000a3300000| Untracked 
|  40|0x00000000a3400000, 0x00000000a3400000, 0x00000000a3500000|  0%| F|  |TAMS 0x00000000a3400000, 0x00000000a3400000| Untracked 
|  41|0x00000000a3500000, 0x00000000a3500000, 0x00000000a3600000|  0%| F|  |TAMS 0x00000000a3500000, 0x00000000a3500000| Untracked 
|  42|0x00000000a3600000, 0x00000000a3600000, 0x00000000a3700000|  0%| F|  |TAMS 0x00000000a3600000, 0x00000000a3600000| Untracked 
|  43|0x00000000a3700000, 0x00000000a3700000, 0x00000000a3800000|  0%| F|  |TAMS 0x00000000a3700000, 0x00000000a3700000| Untracked 
|  44|0x00000000a3800000, 0x00000000a3800000, 0x00000000a3900000|  0%| F|  |TAMS 0x00000000a3800000, 0x00000000a3800000| Untracked 
|  45|0x00000000a3900000, 0x00000000a3900000, 0x00000000a3a00000|  0%| F|  |TAMS 0x00000000a3900000, 0x00000000a3900000| Untracked 
|  46|0x00000000a3a00000, 0x00000000a3a00000, 0x00000000a3b00000|  0%| F|  |TAMS 0x00000000a3a00000, 0x00000000a3a00000| Untracked 
|  47|0x00000000a3b00000, 0x00000000a3b00000, 0x00000000a3c00000|  0%| F|  |TAMS 0x00000000a3b00000, 0x00000000a3b00000| Untracked 
|  48|0x00000000a3c00000, 0x00000000a3c00000, 0x00000000a3d00000|  0%| F|  |TAMS 0x00000000a3c00000, 0x00000000a3c00000| Untracked 
|  49|0x00000000a3d00000, 0x00000000a3d00000, 0x00000000a3e00000|  0%| F|  |TAMS 0x00000000a3d00000, 0x00000000a3d00000| Untracked 
|  50|0x00000000a3e00000, 0x00000000a3e00000, 0x00000000a3f00000|  0%| F|  |TAMS 0x00000000a3e00000, 0x00000000a3e00000| Untracked 
|  51|0x00000000a3f00000, 0x00000000a3f00000, 0x00000000a4000000|  0%| F|  |TAMS 0x00000000a3f00000, 0x00000000a3f00000| Untracked 
|  52|0x00000000a4000000, 0x00000000a4000000, 0x00000000a4100000|  0%| F|  |TAMS 0x00000000a4000000, 0x00000000a4000000| Untracked 
|  53|0x00000000a4100000, 0x00000000a4100000, 0x00000000a4200000|  0%| F|  |TAMS 0x00000000a4100000, 0x00000000a4100000| Untracked 
|  54|0x00000000a4200000, 0x00000000a4200000, 0x00000000a4300000|  0%| F|  |TAMS 0x00000000a4200000, 0x00000000a4200000| Untracked 
|  55|0x00000000a4300000, 0x00000000a4300000, 0x00000000a4400000|  0%| F|  |TAMS 0x00000000a4300000, 0x00000000a4300000| Untracked 
|  56|0x00000000a4400000, 0x00000000a4400000, 0x00000000a4500000|  0%| F|  |TAMS 0x00000000a4400000, 0x00000000a4400000| Untracked 
|  57|0x00000000a4500000, 0x00000000a4500000, 0x00000000a4600000|  0%| F|  |TAMS 0x00000000a4500000, 0x00000000a4500000| Untracked 
|  58|0x00000000a4600000, 0x00000000a4600000, 0x00000000a4700000|  0%| F|  |TAMS 0x00000000a4600000, 0x00000000a4600000| Untracked 
|  59|0x00000000a4700000, 0x00000000a4700000, 0x00000000a4800000|  0%| F|  |TAMS 0x00000000a4700000, 0x00000000a4700000| Untracked 
|  60|0x00000000a4800000, 0x00000000a4800000, 0x00000000a4900000|  0%| F|  |TAMS 0x00000000a4800000, 0x00000000a4800000| Untracked 
|  61|0x00000000a4900000, 0x00000000a4900000, 0x00000000a4a00000|  0%| F|  |TAMS 0x00000000a4900000, 0x00000000a4900000| Untracked 
|  62|0x00000000a4a00000, 0x00000000a4a00000, 0x00000000a4b00000|  0%| F|  |TAMS 0x00000000a4a00000, 0x00000000a4a00000| Untracked 
|  63|0x00000000a4b00000, 0x00000000a4b00000, 0x00000000a4c00000|  0%| F|  |TAMS 0x00000000a4b00000, 0x00000000a4b00000| Untracked 
|  64|0x00000000a4c00000, 0x00000000a4c00000, 0x00000000a4d00000|  0%| F|  |TAMS 0x00000000a4c00000, 0x00000000a4c00000| Untracked 
|  65|0x00000000a4d00000, 0x00000000a4d00000, 0x00000000a4e00000|  0%| F|  |TAMS 0x00000000a4d00000, 0x00000000a4d00000| Untracked 
|  66|0x00000000a4e00000, 0x00000000a4e00000, 0x00000000a4f00000|  0%| F|  |TAMS 0x00000000a4e00000, 0x00000000a4e00000| Untracked 
|  67|0x00000000a4f00000, 0x00000000a4f00000, 0x00000000a5000000|  0%| F|  |TAMS 0x00000000a4f00000, 0x00000000a4f00000| Untracked 
|  68|0x00000000a5000000, 0x00000000a5000000, 0x00000000a5100000|  0%| F|  |TAMS 0x00000000a5000000, 0x00000000a5000000| Untracked 
|  69|0x00000000a5100000, 0x00000000a5100000, 0x00000000a5200000|  0%| F|  |TAMS 0x00000000a5100000, 0x00000000a5100000| Untracked 
|  70|0x00000000a5200000, 0x00000000a5200000, 0x00000000a5300000|  0%| F|  |TAMS 0x00000000a5200000, 0x00000000a5200000| Untracked 
|  71|0x00000000a5300000, 0x00000000a5300000, 0x00000000a5400000|  0%| F|  |TAMS 0x00000000a5300000, 0x00000000a5300000| Untracked 
|  72|0x00000000a5400000, 0x00000000a5400000, 0x00000000a5500000|  0%| F|  |TAMS 0x00000000a5400000, 0x00000000a5400000| Untracked 
|  73|0x00000000a5500000, 0x00000000a5500000, 0x00000000a5600000|  0%| F|  |TAMS 0x00000000a5500000, 0x00000000a5500000| Untracked 
|  74|0x00000000a5600000, 0x00000000a5600000, 0x00000000a5700000|  0%| F|  |TAMS 0x00000000a5600000, 0x00000000a5600000| Untracked 
|  75|0x00000000a5700000, 0x00000000a5700000, 0x00000000a5800000|  0%| F|  |TAMS 0x00000000a5700000, 0x00000000a5700000| Untracked 
|  76|0x00000000a5800000, 0x00000000a5800000, 0x00000000a5900000|  0%| F|  |TAMS 0x00000000a5800000, 0x00000000a5800000| Untracked 
|  77|0x00000000a5900000, 0x00000000a5900000, 0x00000000a5a00000|  0%| F|  |TAMS 0x00000000a5900000, 0x00000000a5900000| Untracked 
|  78|0x00000000a5a00000, 0x00000000a5a00000, 0x00000000a5b00000|  0%| F|  |TAMS 0x00000000a5a00000, 0x00000000a5a00000| Untracked 
|  79|0x00000000a5b00000, 0x00000000a5b00000, 0x00000000a5c00000|  0%| F|  |TAMS 0x00000000a5b00000, 0x00000000a5b00000| Untracked 
|  80|0x00000000a5c00000, 0x00000000a5c00000, 0x00000000a5d00000|  0%| F|  |TAMS 0x00000000a5c00000, 0x00000000a5c00000| Untracked 
|  81|0x00000000a5d00000, 0x00000000a5d00000, 0x00000000a5e00000|  0%| F|  |TAMS 0x00000000a5d00000, 0x00000000a5d00000| Untracked 
|  82|0x00000000a5e00000, 0x00000000a5e00000, 0x00000000a5f00000|  0%| F|  |TAMS 0x00000000a5e00000, 0x00000000a5e00000| Untracked 
|  83|0x00000000a5f00000, 0x00000000a5f00000, 0x00000000a6000000|  0%| F|  |TAMS 0x00000000a5f00000, 0x00000000a5f00000| Untracked 
|  84|0x00000000a6000000, 0x00000000a6000000, 0x00000000a6100000|  0%| F|  |TAMS 0x00000000a6000000, 0x00000000a6000000| Untracked 
|  85|0x00000000a6100000, 0x00000000a6100000, 0x00000000a6200000|  0%| F|  |TAMS 0x00000000a6100000, 0x00000000a6100000| Untracked 
|  86|0x00000000a6200000, 0x00000000a6200000, 0x00000000a6300000|  0%| F|  |TAMS 0x00000000a6200000, 0x00000000a6200000| Untracked 
|  87|0x00000000a6300000, 0x00000000a6300000, 0x00000000a6400000|  0%| F|  |TAMS 0x00000000a6300000, 0x00000000a6300000| Untracked 
|  88|0x00000000a6400000, 0x00000000a64a5430, 0x00000000a6500000| 64%| S|CS|TAMS 0x00000000a6400000, 0x00000000a6400000| Complete 
|  89|0x00000000a6500000, 0x00000000a6600000, 0x00000000a6600000|100%| S|CS|TAMS 0x00000000a6500000, 0x00000000a6500000| Complete 
|  90|0x00000000a6600000, 0x00000000a6600000, 0x00000000a6700000|  0%| F|  |TAMS 0x00000000a6600000, 0x00000000a6600000| Untracked 
|  91|0x00000000a6700000, 0x00000000a6700000, 0x00000000a6800000|  0%| F|  |TAMS 0x00000000a6700000, 0x00000000a6700000| Untracked 
|  92|0x00000000a6800000, 0x00000000a6800000, 0x00000000a6900000|  0%| F|  |TAMS 0x00000000a6800000, 0x00000000a6800000| Untracked 
|  93|0x00000000a6900000, 0x00000000a6900000, 0x00000000a6a00000|  0%| F|  |TAMS 0x00000000a6900000, 0x00000000a6900000| Untracked 
|  94|0x00000000a6a00000, 0x00000000a6a00000, 0x00000000a6b00000|  0%| F|  |TAMS 0x00000000a6a00000, 0x00000000a6a00000| Untracked 
|  95|0x00000000a6b00000, 0x00000000a6b00000, 0x00000000a6c00000|  0%| F|  |TAMS 0x00000000a6b00000, 0x00000000a6b00000| Untracked 

Card table byte_map: [0x0000015b76340000,0x0000015b76640000] _byte_map_base: 0x0000015b75e3a000

Marking Bits (Prev, Next): (CMBitMap*) 0x0000015b6db1ab30, (CMBitMap*) 0x0000015b6db1ab70
 Prev Bits: [0x0000015b76940000, 0x0000015b78110000)
 Next Bits: [0x0000015b78110000, 0x0000015b798e0000)

Polling page: 0x0000015b6ba50000

Metaspace:

Usage:
  Non-class:      4.74 MB capacity,     4.71 MB (>99%) used,    23.21 KB ( <1%) free+waste,     7.13 KB ( <1%) overhead. 
      Class:    696.00 KB capacity,   614.98 KB ( 88%) used,    77.27 KB ( 11%) free+waste,     3.75 KB ( <1%) overhead. 
       Both:      5.42 MB capacity,     5.31 MB ( 98%) used,   100.48 KB (  2%) free+waste,    10.88 KB ( <1%) overhead. 

Virtual space:
  Non-class space:       16.00 MB reserved,       4.75 MB ( 30%) committed 
      Class space:        1.00 GB reserved,     768.00 KB ( <1%) committed 
             Both:        1.02 GB reserved,       5.50 MB ( <1%) committed 

Chunk freelists:
   Non-Class:  13.00 KB
       Class:  8.00 KB
        Both:  21.00 KB

MaxMetaspaceSize: 17179869184.00 GB
CompressedClassSpaceSize: 1.00 GB

CodeHeap 'non-profiled nmethods': size=120000Kb used=209Kb max_used=209Kb free=119790Kb
 bounds [0x0000015b07ad0000, 0x0000015b07d40000, 0x0000015b0f000000]
CodeHeap 'profiled nmethods': size=120000Kb used=1014Kb max_used=1014Kb free=118985Kb
 bounds [0x0000015b005a0000, 0x0000015b00810000, 0x0000015b07ad0000]
CodeHeap 'non-nmethods': size=5760Kb used=1198Kb max_used=1211Kb free=4561Kb
 bounds [0x0000015b00000000, 0x0000015b00270000, 0x0000015b005a0000]
 total_blobs=1157 nmethods=692 adapters=378
 compilation: enabled
              stopped_count=0, restarted_count=0
 full_count=0

Compilation events (20 events):
Event: 0.469 Thread 0x0000015b7c314b80  683       3       java.lang.invoke.MemberName::isVarargs (23 bytes)
Event: 0.469 Thread 0x0000015b7c314b80 nmethod 683 0x0000015b00699210 code [0x0000015b006993e0, 0x0000015b00699878]
Event: 0.470 Thread 0x0000015b7c314b80  684       3       java.lang.StringConcatHelper::mix (27 bytes)
Event: 0.470 Thread 0x0000015b7c314b80 nmethod 684 0x0000015b00699a10 code [0x0000015b00699be0, 0x0000015b00699fe8]
Event: 0.470 Thread 0x0000015b7c314b80  685       3       java.lang.reflect.Modifier::isStatic (13 bytes)
Event: 0.470 Thread 0x0000015b7c314b80 nmethod 685 0x0000015b0069a190 code [0x0000015b0069a320, 0x0000015b0069a458]
Event: 0.470 Thread 0x0000015b7c314b80  686       3       java.lang.StringConcatHelper::stringOf (20 bytes)
Event: 0.470 Thread 0x0000015b7c314b80 nmethod 686 0x0000015b0069a510 code [0x0000015b0069a6c0, 0x0000015b0069a908]
Event: 0.470 Thread 0x0000015b7c314b80  688       3       java.lang.reflect.Modifier::isFinal (13 bytes)
Event: 0.471 Thread 0x0000015b7c314b80 nmethod 688 0x0000015b0069aa10 code [0x0000015b0069aba0, 0x0000015b0069acd8]
Event: 0.471 Thread 0x0000015b7c314b80  687       3       java.lang.Class::reflectionData (43 bytes)
Event: 0.471 Thread 0x0000015b7c314b80 nmethod 687 0x0000015b0069ad90 code [0x0000015b0069af60, 0x0000015b0069b358]
Event: 0.471 Thread 0x0000015b7c314b80  689       1       java.lang.Integer::intValue (5 bytes)
Event: 0.471 Thread 0x0000015b7c314b80 nmethod 689 0x0000015b07b04110 code [0x0000015b07b042a0, 0x0000015b07b04358]
Event: 0.471 Thread 0x0000015b7c314b80  690       1       java.lang.reflect.Field::getModifiers (5 bytes)
Event: 0.471 Thread 0x0000015b7c314b80 nmethod 690 0x0000015b07b04410 code [0x0000015b07b045a0, 0x0000015b07b04658]
Event: 0.471 Thread 0x0000015b7c314b80  691       3       java.awt.AWTKeyStroke::hashCode (36 bytes)
Event: 0.471 Thread 0x0000015b7c314b80 nmethod 691 0x0000015b0069b490 code [0x0000015b0069b620, 0x0000015b0069b798]
Event: 0.471 Thread 0x0000015b7c314b80  692       3       java.util.StringTokenizer::scanToken (179 bytes)
Event: 0.473 Thread 0x0000015b7c314b80 nmethod 692 0x0000015b0069b810 code [0x0000015b0069bb80, 0x0000015b0069d178]

GC Heap History (2 events):
Event: 0.473 GC heap before
{Heap before GC invocations=0 (full 0):
 garbage-first heap   total 98304K, used 4096K [0x00000000a0c00000, 0x0000000100000000)
  region size 1024K, 6 young (6144K), 0 survivors (0K)
 Metaspace       used 5435K, capacity 5547K, committed 5632K, reserved 1062912K
  class space    used 614K, capacity 696K, committed 768K, reserved 1048576K
}
Event: 0.477 GC heap after
{Heap after GC invocations=1 (full 0):
 garbage-first heap   total 98304K, used 1685K [0x00000000a0c00000, 0x0000000100000000)
  region size 1024K, 2 young (2048K), 2 survivors (2048K)
 Metaspace       used 5435K, capacity 5547K, committed 5632K, reserved 1062912K
  class space    used 614K, capacity 696K, committed 768K, reserved 1048576K
}

Deoptimization events (16 events):
Event: 0.154 Thread 0x0000015b6dae1040 Uncommon trap: trap_request=0xffffff45 fr.pc=0x0000015b07ae415c relative=0x000000000000043c
Event: 0.154 Thread 0x0000015b6dae1040 Uncommon trap: reason=unstable_if action=reinterpret pc=0x0000015b07ae415c method=java.lang.StringLatin1.replace([BCC)Ljava/lang/String; @ 19 c2
Event: 0.154 Thread 0x0000015b6dae1040 DEOPT PACKING pc=0x0000015b07ae415c sp=0x000000020c6fe840
Event: 0.154 Thread 0x0000015b6dae1040 DEOPT UNPACKING pc=0x0000015b0004e42f sp=0x000000020c6fe7b0 mode 2
Event: 0.154 Thread 0x0000015b6dae1040 Uncommon trap: trap_request=0xffffff45 fr.pc=0x0000015b07ae5370 relative=0x00000000000003d0
Event: 0.154 Thread 0x0000015b6dae1040 Uncommon trap: reason=unstable_if action=reinterpret pc=0x0000015b07ae5370 method=java.lang.StringLatin1.newString([BII)Ljava/lang/String; @ 1 c2
Event: 0.154 Thread 0x0000015b6dae1040 DEOPT PACKING pc=0x0000015b07ae5370 sp=0x000000020c6fe700
Event: 0.154 Thread 0x0000015b6dae1040 DEOPT UNPACKING pc=0x0000015b0004e42f sp=0x000000020c6fe6c8 mode 2
Event: 0.163 Thread 0x0000015b6dae1040 Uncommon trap: trap_request=0xffffff45 fr.pc=0x0000015b07ad6f90 relative=0x0000000000000070
Event: 0.163 Thread 0x0000015b6dae1040 Uncommon trap: reason=unstable_if action=reinterpret pc=0x0000015b07ad6f90 method=java.lang.String.isLatin1()Z @ 10 c2
Event: 0.163 Thread 0x0000015b6dae1040 DEOPT PACKING pc=0x0000015b07ad6f90 sp=0x000000020c6feb10
Event: 0.163 Thread 0x0000015b6dae1040 DEOPT UNPACKING pc=0x0000015b0004e42f sp=0x000000020c6fea50 mode 2
Event: 0.472 Thread 0x0000015b6dae1040 Uncommon trap: trap_request=0xffffff45 fr.pc=0x0000015b07ae60b8 relative=0x0000000000000098
Event: 0.472 Thread 0x0000015b6dae1040 Uncommon trap: reason=unstable_if action=reinterpret pc=0x0000015b07ae60b8 method=java.util.HashMap.hash(Ljava/lang/Object;)I @ 1 c2
Event: 0.472 Thread 0x0000015b6dae1040 DEOPT PACKING pc=0x0000015b07ae60b8 sp=0x000000020c6fe4b0
Event: 0.472 Thread 0x0000015b6dae1040 DEOPT UNPACKING pc=0x0000015b0004e42f sp=0x000000020c6fe448 mode 2

Classes unloaded (0 events):
No events

Classes redefined (0 events):
No events

Internal exceptions (16 events):
Event: 0.133 Thread 0x0000015b6dae1040 Exception <a 'java/lang/NoSuchMethodError'{0x00000000a690e510}: 'void java.lang.invoke.DirectMethodHandle$Holder.invokeSpecial(java.lang.Object, java.lang.Object, java.lang.Object)'> (0x00000000a690e510) 
thrown [./open/src/hotspot/share/interpreter/linkResolver.cpp, line 782]
Event: 0.139 Thread 0x0000015b6dae1040 Exception <a 'java/lang/NoSuchMethodError'{0x00000000a6926368}: 'void java.lang.invoke.DirectMethodHandle$Holder.invokeSpecial(java.lang.Object, java.lang.Object, java.lang.Object, java.lang.Object, java.lang.Object)'> (0x00000000a6926368) 
thrown [./open/src/hotspot/share/interpreter/linkResolver.cpp, line 782]
Event: 0.143 Thread 0x0000015b6dae1040 Exception <a 'java/lang/NoSuchMethodError'{0x00000000a69393a8}: 'java.lang.Object java.lang.invoke.DirectMethodHandle$Holder.invokeInterface(java.lang.Object, java.lang.Object)'> (0x00000000a69393a8) 
thrown [./open/src/hotspot/share/interpreter/linkResolver.cpp, line 782]
Event: 0.144 Thread 0x0000015b6dae1040 Exception <a 'java/lang/IncompatibleClassChangeError'{0x00000000a693caf8}: Found class java.lang.Object, but interface was expected> (0x00000000a693caf8) 
thrown [./open/src/hotspot/share/interpreter/linkResolver.cpp, line 848]
Event: 0.145 Thread 0x0000015b6dae1040 Exception <a 'java/lang/NoSuchMethodError'{0x00000000a693faf0}: 'void java.lang.invoke.DirectMethodHandle$Holder.invokeStatic(java.lang.Object, java.lang.Object, java.lang.Object, java.lang.Object)'> (0x00000000a693faf0) 
thrown [./open/src/hotspot/share/interpreter/linkResolver.cpp, line 782]
Event: 0.190 Thread 0x0000015b6dae1040 Exception <a 'java/lang/ClassNotFoundException'{0x00000000a69fa218}: sun/awt/resources/spi/awtProvider> (0x00000000a69fa218) 
thrown [./open/src/hotspot/share/classfile/systemDictionary.cpp, line 295]
Event: 0.216 Thread 0x0000015b6dae1040 Exception <a 'java/io/FileNotFoundException'{0x00000000a68683c0}> (0x00000000a68683c0) 
thrown [./open/src/hotspot/share/prims/jni.cpp, line 578]
Event: 0.226 Thread 0x0000015b6dae1040 Exception <a 'java/io/FileNotFoundException'{0x00000000a6896e10}> (0x00000000a6896e10) 
thrown [./open/src/hotspot/share/prims/jni.cpp, line 578]
Event: 0.227 Thread 0x0000015b6dae1040 Exception <a 'java/lang/NoSuchMethodError'{0x00000000a6897f08}: 'java.lang.Object java.lang.invoke.DirectMethodHandle$Holder.invokeStatic(java.lang.Object)'> (0x00000000a6897f08) 
thrown [./open/src/hotspot/share/interpreter/linkResolver.cpp, line 782]
Event: 0.278 Thread 0x0000015b6dae1040 Exception <a 'java/lang/NoSuchMethodError'{0x00000000a68ec480}: 'java.lang.Object java.lang.invoke.DirectMethodHandle$Holder.invokeStaticInit(java.lang.Object)'> (0x00000000a68ec480) 
thrown [./open/src/hotspot/share/interpreter/linkResolver.cpp, line 782]
Event: 0.399 Thread 0x0000015b6dae1040 Exception <a 'java/lang/NoSuchMethodError'{0x00000000a67d4c60}: 'java.lang.Object java.lang.invoke.DirectMethodHandle$Holder.newInvokeSpecial(java.lang.Object, java.lang.Object, java.lang.Object, java.lang.Object, java.lang.Object)'> (0x00000000a67d4c60) 
thrown [./open/src/hotspot/share/interpreter/linkResolver.cpp, line 782]
Event: 0.401 Thread 0x0000015b6dae1040 Exception <a 'java/lang/NoSuchMethodError'{0x00000000a67e06f0}: 'java.lang.Object java.lang.invoke.DirectMethodHandle$Holder.invokeStatic(java.lang.Object, int, java.lang.Object, java.lang.Object, java.lang.Object, java.lang.Object)'> (0x00000000a67e06f0) 
thrown [./open/src/hotspot/share/interpreter/linkResolver.cpp, line 782]
Event: 0.408 Thread 0x0000015b6dae1040 Exception <a 'java/lang/NoSuchMethodError'{0x00000000a6607080}: 'java.lang.Object java.lang.invoke.DirectMethodHandle$Holder.invokeStatic(java.lang.Object, int, java.lang.Object)'> (0x00000000a6607080) 
thrown [./open/src/hotspot/share/interpreter/linkResolver.cpp, line 782]
Event: 0.437 Thread 0x0000015b6dae1040 Exception <a 'java/lang/ClassNotFoundException'{0x00000000a66be8f0}: com/sun/swing/internal/plaf/metal/resources/spi/metalProvider> (0x00000000a66be8f0) 
thrown [./open/src/hotspot/share/classfile/systemDictionary.cpp, line 295]
Event: 0.438 Thread 0x0000015b6dae1040 Exception <a 'java/lang/ClassNotFoundException'{0x00000000a66c2bc0}: com/sun/swing/internal/plaf/basic/resources/spi/basicProvider> (0x00000000a66c2bc0) 
thrown [./open/src/hotspot/share/classfile/systemDictionary.cpp, line 295]
Event: 0.472 Thread 0x0000015b6dae1040 Implicit null exception at 0x0000015b07ae602f to 0x0000015b07ae60a9

Events (20 events):
Event: 0.467 loading class java/awt/datatransfer/DataFlavor
Event: 0.468 loading class java/io/Externalizable
Event: 0.468 loading class java/io/Externalizable done
Event: 0.468 loading class java/awt/datatransfer/DataFlavor done
Event: 0.468 loading class java/awt/datatransfer/SystemFlavorMap$SoftCache
Event: 0.468 loading class java/awt/datatransfer/SystemFlavorMap$SoftCache done
Event: 0.469 loading class javax/swing/TransferHandler$DropHandler
Event: 0.469 loading class javax/swing/TransferHandler$DropHandler done
Event: 0.469 loading class javax/swing/TransferHandler$TransferSupport
Event: 0.469 loading class javax/swing/TransferHandler$TransferSupport done
Event: 0.469 loading class javax/swing/plaf/basic/BasicListUI$Handler
Event: 0.469 loading class javax/swing/event/ListSelectionListener
Event: 0.469 loading class javax/swing/event/ListSelectionListener done
Event: 0.469 loading class javax/swing/event/MouseInputListener
Event: 0.469 loading class javax/swing/event/MouseInputListener done
Event: 0.469 loading class javax/swing/plaf/basic/DragRecognitionSupport$BeforeDrag
Event: 0.469 loading class javax/swing/plaf/basic/DragRecognitionSupport$BeforeDrag done
Event: 0.469 loading class javax/swing/plaf/basic/BasicListUI$Handler done
Event: 0.472 loading class javax/swing/JMenu
Event: 0.473 Executing VM operation: CollectForMetadataAllocation


Dynamic libraries:
0x00007ff701bf0000 - 0x00007ff701bff000 	C:\Program Files\Java\jdk-15.0.1\bin\javaw.exe
0x00007ffd0d480000 - 0x00007ffd0d670000 	C:\WINDOWS\SYSTEM32\ntdll.dll
0x00007ffd0c0a0000 - 0x00007ffd0c152000 	C:\WINDOWS\System32\KERNEL32.DLL
0x00007ffd0b250000 - 0x00007ffd0b4f5000 	C:\WINDOWS\System32\KERNELBASE.dll
0x00007ffd0a5b0000 - 0x00007ffd0a6aa000 	C:\WINDOWS\System32\ucrtbase.dll
0x00007ffd01d70000 - 0x00007ffd01d88000 	C:\Program Files\Java\jdk-15.0.1\bin\jli.dll
0x00007ffd0cb20000 - 0x00007ffd0cbc3000 	C:\WINDOWS\System32\ADVAPI32.dll
0x00007ffd009d0000 - 0x00007ffd009e9000 	C:\Program Files\Java\jdk-15.0.1\bin\VCRUNTIME140.dll
0x00007ffd0ca70000 - 0x00007ffd0cb0e000 	C:\WINDOWS\System32\msvcrt.dll
0x00007ffd0d060000 - 0x00007ffd0d0f7000 	C:\WINDOWS\System32\sechost.dll
0x00007ffd0c420000 - 0x00007ffd0c53f000 	C:\WINDOWS\System32\RPCRT4.dll
0x00007ffd0cbd0000 - 0x00007ffd0cd64000 	C:\WINDOWS\System32\USER32.dll
0x00007ffd0a4e0000 - 0x00007ffd0a501000 	C:\WINDOWS\System32\win32u.dll
0x00007ffd0c2b0000 - 0x00007ffd0c2d6000 	C:\WINDOWS\System32\GDI32.dll
0x00007ffd0a930000 - 0x00007ffd0aac8000 	C:\WINDOWS\System32\gdi32full.dll
0x00007ffd0a510000 - 0x00007ffd0a5ae000 	C:\WINDOWS\System32\msvcp_win.dll
0x00007ffcf66e0000 - 0x00007ffcf6964000 	C:\WINDOWS\WinSxS\amd64_microsoft.windows.common-controls_6595b64144ccf1df_6.0.18362.1379_none_9e7ff3b3e45cc0c4\COMCTL32.dll
0x00007ffd0c540000 - 0x00007ffd0c877000 	C:\WINDOWS\System32\combase.dll
0x00007ffd0a450000 - 0x00007ffd0a4d1000 	C:\WINDOWS\System32\bcryptPrimitives.dll
0x00007ffcfbb60000 - 0x00007ffcfbb6a000 	C:\WINDOWS\SYSTEM32\VERSION.dll
0x00007ffd0d1e0000 - 0x00007ffd0d20e000 	C:\WINDOWS\System32\IMM32.DLL
0x00007ffd01d10000 - 0x00007ffd01d1c000 	C:\Program Files\Java\jdk-15.0.1\bin\vcruntime140_1.dll
0x00007ffcfaf90000 - 0x00007ffcfb021000 	C:\Program Files\Java\jdk-15.0.1\bin\msvcp140.dll
0x00007ffcd73c0000 - 0x00007ffcd7f1e000 	C:\Program Files\Java\jdk-15.0.1\bin\server\jvm.dll
0x00007ffd0b530000 - 0x00007ffd0b538000 	C:\WINDOWS\System32\PSAPI.DLL
0x00007ffd05ed0000 - 0x00007ffd05ed9000 	C:\WINDOWS\SYSTEM32\WSOCK32.dll
0x00007ffd0c880000 - 0x00007ffd0c8ef000 	C:\WINDOWS\System32\WS2_32.dll
0x00007ffd00140000 - 0x00007ffd00164000 	C:\WINDOWS\SYSTEM32\WINMM.dll
0x00007ffcffef0000 - 0x00007ffcfff1d000 	C:\WINDOWS\SYSTEM32\winmmbase.dll
0x00007ffd0a400000 - 0x00007ffd0a44a000 	C:\WINDOWS\System32\cfgmgr32.dll
0x00007ffd0a3c0000 - 0x00007ffd0a3d1000 	C:\WINDOWS\System32\kernel.appcore.dll
0x00007ffd05ec0000 - 0x00007ffd05eca000 	C:\Program Files\Java\jdk-15.0.1\bin\jimage.dll
0x00007ffd08b00000 - 0x00007ffd08cf4000 	C:\WINDOWS\SYSTEM32\DBGHELP.DLL
0x00007ffd02650000 - 0x00007ffd0267a000 	C:\WINDOWS\SYSTEM32\dbgcore.DLL
0x00007ffd05ac0000 - 0x00007ffd05ae5000 	C:\Program Files\Java\jdk-15.0.1\bin\java.dll
0x00007ffd0b540000 - 0x00007ffd0bc28000 	C:\WINDOWS\System32\SHELL32.dll
0x00007ffd0c160000 - 0x00007ffd0c207000 	C:\WINDOWS\System32\shcore.dll
0x00007ffd0aad0000 - 0x00007ffd0b24b000 	C:\WINDOWS\System32\windows.storage.dll
0x00007ffd0a340000 - 0x00007ffd0a363000 	C:\WINDOWS\System32\profapi.dll
0x00007ffd0a370000 - 0x00007ffd0a3ba000 	C:\WINDOWS\System32\powrprof.dll
0x00007ffd0a330000 - 0x00007ffd0a340000 	C:\WINDOWS\System32\UMPDC.dll
0x00007ffd0ced0000 - 0x00007ffd0cf22000 	C:\WINDOWS\System32\shlwapi.dll
0x00007ffd0a6b0000 - 0x00007ffd0a6c7000 	C:\WINDOWS\System32\cryptsp.dll
0x00007ffd05d10000 - 0x00007ffd05d29000 	C:\Program Files\Java\jdk-15.0.1\bin\net.dll
0x00007ffd02af0000 - 0x00007ffd02be0000 	C:\WINDOWS\SYSTEM32\WINHTTP.dll
0x00007ffd09b10000 - 0x00007ffd09b77000 	C:\WINDOWS\system32\mswsock.dll
0x00007ffd05c80000 - 0x00007ffd05c92000 	C:\Program Files\Java\jdk-15.0.1\bin\nio.dll
0x00007ffd05aa0000 - 0x00007ffd05ab8000 	C:\Program Files\Java\jdk-15.0.1\bin\zip.dll
0x00007ffcc46e0000 - 0x00007ffcc4860000 	C:\Program Files\Java\jdk-15.0.1\bin\awt.dll
0x00007ffd0c9a0000 - 0x00007ffd0ca65000 	C:\WINDOWS\System32\OLEAUT32.dll
0x00007ffd08020000 - 0x00007ffd080af000 	C:\WINDOWS\SYSTEM32\apphelp.dll
0x00007ffd085e0000 - 0x00007ffd0860d000 	C:\WINDOWS\system32\DWMAPI.DLL
0x00007ffd081c0000 - 0x00007ffd08259000 	C:\WINDOWS\system32\uxtheme.dll
0x00007ffce6c90000 - 0x00007ffce6de6000 	C:\WINDOWS\system32\opengl32.dll
0x00007ffd009a0000 - 0x00007ffd009cc000 	C:\WINDOWS\SYSTEM32\GLU32.dll
0x00007ffd08f70000 - 0x00007ffd08f90000 	C:\WINDOWS\SYSTEM32\dxcore.dll
0x00007ffd0c2e0000 - 0x00007ffd0c415000 	C:\WINDOWS\System32\MSCTF.dll
0x00007ffd0cd70000 - 0x00007ffd0cec7000 	C:\WINDOWS\System32\ole32.dll
0x00007ffcc32c0000 - 0x00007ffcc3487000 	C:\WINDOWS\system32\d3d9.dll
0x00007ffcd5650000 - 0x00007ffcd582b000 	C:\WINDOWS\System32\DriverStore\FileRepository\u0361313.inf_amd64_07132764fbaf152d\B361334\aticfx64.dll
0x00007ffd00960000 - 0x00007ffd00993000 	C:\WINDOWS\System32\DriverStore\FileRepository\u0361313.inf_amd64_07132764fbaf152d\B361334\atiu9p64.dll
0x00007ffcbeff0000 - 0x00007ffcbfc86000 	C:\WINDOWS\System32\DriverStore\FileRepository\u0361313.inf_amd64_07132764fbaf152d\B361334\atiumd64.dll
0x00007ffd00350000 - 0x00007ffd0037f000 	C:\WINDOWS\SYSTEM32\amdihk64.dll

dbghelp: loaded successfully - version: 4.0.5 - missing functions: none
symbol engine: initialized successfully - sym options: 0x614 - pdb path: .;C:\Program Files\Java\jdk-15.0.1\bin;C:\WINDOWS\SYSTEM32;C:\WINDOWS\WinSxS\amd64_microsoft.windows.common-controls_6595b64144ccf1df_6.0.18362.1379_none_9e7ff3b3e45cc0c4;C:\Program Files\Java\jdk-15.0.1\bin\server;C:\WINDOWS\System32\DriverStore\FileRepository\u0361313.inf_amd64_07132764fbaf152d\B361334

VM Arguments:
jvm_args: -Dfile.encoding=Cp1252 --module-path=D:\JAVA\src\mysql-connector-java-8.0.22\mysql-connector-java-8.0.22.jar -XX:+ShowCodeDetailsInExceptionMessages 
java_command: hotel.management.UpdateCheck
java_class_path (initial): D:\Projects\Hotel Management System\bin;D:\Projects\Hotel Management System\src\jar file\rs2xml.jar
Launcher Type: SUN_STANDARD

[Global flags]
     intx CICompilerCount                          = 4                                         {product} {ergonomic}
     uint ConcGCThreads                            = 2                                         {product} {ergonomic}
     uint G1ConcRefinementThreads                  = 8                                         {product} {ergonomic}
   size_t G1HeapRegionSize                         = 1048576                                   {product} {ergonomic}
    uintx GCDrainStackTargetSize                   = 64                                        {product} {ergonomic}
   size_t InitialHeapSize                          = 100663296                                 {product} {ergonomic}
   size_t MarkStackSize                            = 4194304                                   {product} {ergonomic}
   size_t MaxHeapSize                              = 1598029824                                {product} {ergonomic}
   size_t MaxNewSize                               = 958398464                                 {product} {ergonomic}
   size_t MinHeapDeltaBytes                        = 1048576                                   {product} {ergonomic}
   size_t MinHeapSize                              = 8388608                                   {product} {ergonomic}
    uintx NonNMethodCodeHeapSize                   = 5839372                                {pd product} {ergonomic}
    uintx NonProfiledCodeHeapSize                  = 122909434                              {pd product} {ergonomic}
    uintx ProfiledCodeHeapSize                     = 122909434                              {pd product} {ergonomic}
    uintx ReservedCodeCacheSize                    = 251658240                              {pd product} {ergonomic}
     bool SegmentedCodeCache                       = true                                      {product} {ergonomic}
     bool ShowCodeDetailsInExceptionMessages       = true                                   {manageable} {command line}
   size_t SoftMaxHeapSize                          = 1598029824                             {manageable} {ergonomic}
     bool UseCompressedClassPointers               = true                                 {lp64_product} {ergonomic}
     bool UseCompressedOops                        = true                                 {lp64_product} {ergonomic}
     bool UseG1GC                                  = true                                      {product} {ergonomic}
     bool UseLargePagesIndividualAllocation        = false                                  {pd product} {ergonomic}

Logging:
Log output configuration:
 #0: stdout all=warning uptime,level,tags
 #1: stderr all=off uptime,level,tags

Environment Variables:
PATH=C:/Program Files/Java/jdk-15.0.1/bin/server;C:/Program Files/Java/jdk-15.0.1/bin;C:\Program Files\Common Files\Oracle\Java\javapath;C:\Program Files (x86)\Common Files\Oracle\Java\javapath;C:\WINDOWS\system32;C:\WINDOWS;C:\WINDOWS\System32\Wbem;C:\WINDOWS\System32\WindowsPowerShell\v1.0\;C:\WINDOWS\System32\OpenSSH\;C:\Program Files\Intel\WiFi\bin\;C:\Program Files\Common Files\Intel\WirelessCommon\;C:\Program Files\Java\jdk1.8.0_261\bin;C:\Program Files\Java\jre1.8.0_261\bin;C:\Program Files\netbeans\bin;C:\Program Files\Java\jdk-15.0.1\bin;C:\Program Files\MySQL\MySQL Shell 8.0\bin\;C:\Users\ANKITA\AppData\Local\Microsoft\WindowsApps;;C:\Users\ANKITA\Desktop;
USERNAME=ANKITA
OS=Windows_NT
PROCESSOR_IDENTIFIER=AMD64 Family 23 Model 24 Stepping 1, AuthenticAMD



---------------  S Y S T E M  ---------------

OS:
 Windows 10 , 64 bit Build 18362 (10.0.18362.1350)
OS uptime: 2 days 1:07 hours

CPU: total 8 (initial active 8) (8 cores per cpu, 2 threads per core) family 23 model 24 stepping 1 microcode 0x0, cmov, cx8, fxsr, mmx, sse, sse2, sse3, ssse3, sse4.1, sse4.2, popcnt, vzeroupper, avx, avx2, aes, clmul, 3dnowpref, lzcnt, sse4a, ht, tsc, tscinvbit, tscinv, bmi1, bmi2, adx, sha, fma, clflush, clflushopt

Memory: 4k page, system-wide physical 6091M (1671M free)
TotalPageFile size 24523M (AvailPageFile size 3M)
current process WorkingSet (physical memory assigned to process): 57M, peak: 57M
current process commit charge ("private bytes"): 191M, peak: 193M

vm_info: Java HotSpot(TM) 64-Bit Server VM (15.0.1+9-18) for windows-amd64 JRE (15.0.1+9-18), built on Sep 15 2020 14:43:54 by "mach5one" with unknown MS VC++:1925

END.
